<?xml version="1.0" encoding="UTF-8"?>
<!-- Generated by org.testng.reporters.JUnitReportReporter -->
<testsuite skipped="0" hostname="TATA" name="testPackage.DemoForMaven" tests="1" failures="0" timestamp="22 Apr 2017 00:30:11 GMT" time="26.256" errors="0">
  <testcase name="testHello" time="26.256" classname="testPackage.DemoForMaven"/>
</testsuite> <!-- testPackage.DemoForMaven -->
