<?xml version="1.0" encoding="UTF-8"?>
<!-- Generated by org.testng.reporters.JUnitReportReporter -->
<testsuite skipped="0" hostname="TATA" name="testPackage.DemoForMaven" tests="1" failures="0" timestamp="21 Apr 2017 22:33:07 GMT" time="28.137" errors="0">
  <testcase name="testHello" time="28.137" classname="testPackage.DemoForMaven"/>
</testsuite> <!-- testPackage.DemoForMaven -->
